Arguments: 
  /home/muse/.nvm/versions/node/v12.20.1/bin/node /usr/share/yarn/bin/yarn.js add nodemailer

PATH: 
  /home/muse/.nvm/versions/node/v12.20.1/bin:/usr/local/sbin:/usr/local/bin:/usr/sbin:/usr/bin:/sbin:/bin:/usr/games:/usr/local/games:/snap/bin:/home/muse/Android/Sdk/tools:/home/muse/Android/Sdk/platform-tools

Yarn version: 
  1.22.5

Node version: 
  12.20.1

Platform: 
  linux x64

Trace: 
  Error: ENOENT: no such file or directory, open '/home/muse/.cache/yarn/v6/npm-engine-io-parser-4.0.3-83d3a17acfd4226f19e721bb22a1ee8f7662d2f6-integrity/node_modules/engine.io-parser/.yarn-metadata.json'

npm manifest: 
  {
    "name": "backend",
    "version": "1.0.0",
    "description": "",
    "main": "index.js",
    "scripts": {
      "test": "echo \"Error: no test specified\" && exit 1",
      "start": "node server",
      "dev": "nodemon server"
    },
    "keywords": [],
    "author": "",
    "license": "ISC",
    "dependencies": {
      "bcrypt": "^5.0.1",
      "cookie-parser": "^1.4.5",
      "cors": "^2.8.5",
      "dotenv": "^10.0.0",
      "express": "^4.17.1",
      "jsonwebtoken": "^8.5.1",
      "mongoose": "^6.0.6",
      "socket.io": "^4.2.0"
    },
    "devDependencies": {
      "nodemon": "^2.0.12"
    }
  }

yarn manifest: 
  No manifest

Lockfile: 
  No lockfile
